1762630989.745323 client started (172726): version 3.2a, socket /tmp/tmux-1637443321/default, protocol 8
1762630989.745345 on Linux 5.14.0-570.60.1.el9_6.x86_64 #1 SMP PREEMPT_DYNAMIC Wed Nov 5 05:00:59 EST 2025
1762630989.745351 using libevent 2.1.12-stable (poll); ncurses 6.2
1762630989.745361 flags are 0x18010000
1762630989.745365 socket is /tmp/tmux-1637443321/default
1762630989.745387 trying connect
1762630989.745405 connect failed: No such file or directory
1762630989.745414 lock file is /tmp/tmux-1637443321/default.lock
1762630989.745543 flock succeeded
1762630989.745551 got lock (6)
1762630989.745568 trying connect
1762630989.745579 connect failed: No such file or directory
1762630989.745761 add peer 0x558408872210: 7 ((nil))
1762630989.746105 sending message 100 to peer 0x558408872210 (4 bytes)
1762630989.746112 sending message 111 to peer 0x558408872210 (8 bytes)
1762630989.746132 sending message 101 to peer 0x558408872210 (15 bytes)
1762630989.746141 sending message 109 to peer 0x558408872210 (4 bytes)
1762630989.746146 sending message 102 to peer 0x558408872210 (12 bytes)
1762630989.746150 sending message 108 to peer 0x558408872210 (44 bytes)
1762630989.746156 sending message 112 to peer 0x558408872210 (58 bytes)
1762630989.746161 sending message 112 to peer 0x558408872210 (5 bytes)
1762630989.746166 sending message 112 to peer 0x558408872210 (5 bytes)
1762630989.746171 sending message 112 to peer 0x558408872210 (6 bytes)
1762630989.746176 sending message 112 to peer 0x558408872210 (6 bytes)
1762630989.746180 sending message 112 to peer 0x558408872210 (11 bytes)
1762630989.746185 sending message 112 to peer 0x558408872210 (10 bytes)
1762630989.746191 sending message 112 to peer 0x558408872210 (13 bytes)
1762630989.746195 sending message 112 to peer 0x558408872210 (14 bytes)
1762630989.746200 sending message 112 to peer 0x558408872210 (19 bytes)
1762630989.746205 sending message 112 to peer 0x558408872210 (11 bytes)
1762630989.746210 sending message 112 to peer 0x558408872210 (10 bytes)
1762630989.746214 sending message 112 to peer 0x558408872210 (15 bytes)
1762630989.746219 sending message 112 to peer 0x558408872210 (21 bytes)
1762630989.746223 sending message 112 to peer 0x558408872210 (13 bytes)
1762630989.746228 sending message 112 to peer 0x558408872210 (7 bytes)
1762630989.746232 sending message 112 to peer 0x558408872210 (13 bytes)
1762630989.746237 sending message 112 to peer 0x558408872210 (7 bytes)
1762630989.746241 sending message 112 to peer 0x558408872210 (13 bytes)
1762630989.746245 sending message 112 to peer 0x558408872210 (9 bytes)
1762630989.746249 sending message 112 to peer 0x558408872210 (21 bytes)
1762630989.746254 sending message 112 to peer 0x558408872210 (13 bytes)
1762630989.746258 sending message 112 to peer 0x558408872210 (9 bytes)
1762630989.746262 sending message 112 to peer 0x558408872210 (16 bytes)
1762630989.746267 sending message 112 to peer 0x558408872210 (13 bytes)
1762630989.746271 sending message 112 to peer 0x558408872210 (9 bytes)
1762630989.746275 sending message 112 to peer 0x558408872210 (9 bytes)
1762630989.746280 sending message 112 to peer 0x558408872210 (12 bytes)
1762630989.746284 sending message 112 to peer 0x558408872210 (8 bytes)
1762630989.746289 sending message 112 to peer 0x558408872210 (8 bytes)
1762630989.746294 sending message 112 to peer 0x558408872210 (13 bytes)
1762630989.746298 sending message 112 to peer 0x558408872210 (7 bytes)
1762630989.746303 sending message 112 to peer 0x558408872210 (7 bytes)
1762630989.746307 sending message 112 to peer 0x558408872210 (9 bytes)
1762630989.746311 sending message 112 to peer 0x558408872210 (9 bytes)
1762630989.746315 sending message 112 to peer 0x558408872210 (15 bytes)
1762630989.746320 sending message 112 to peer 0x558408872210 (13 bytes)
1762630989.746325 sending message 112 to peer 0x558408872210 (12 bytes)
1762630989.746330 sending message 112 to peer 0x558408872210 (8 bytes)
1762630989.746334 sending message 112 to peer 0x558408872210 (14 bytes)
1762630989.746339 sending message 112 to peer 0x558408872210 (11 bytes)
1762630989.746351 sending message 112 to peer 0x558408872210 (9 bytes)
1762630989.746356 sending message 112 to peer 0x558408872210 (10 bytes)
1762630989.746360 sending message 112 to peer 0x558408872210 (10 bytes)
1762630989.746365 sending message 112 to peer 0x558408872210 (10 bytes)
1762630989.746369 sending message 112 to peer 0x558408872210 (10 bytes)
1762630989.746373 sending message 112 to peer 0x558408872210 (11 bytes)
1762630989.746378 sending message 112 to peer 0x558408872210 (12 bytes)
1762630989.746382 sending message 112 to peer 0x558408872210 (12 bytes)
1762630989.746386 sending message 112 to peer 0x558408872210 (12 bytes)
1762630989.746390 sending message 112 to peer 0x558408872210 (12 bytes)
1762630989.746395 sending message 112 to peer 0x558408872210 (12 bytes)
1762630989.746406 sending message 112 to peer 0x558408872210 (11 bytes)
1762630989.746411 sending message 112 to peer 0x558408872210 (11 bytes)
1762630989.746415 sending message 112 to peer 0x558408872210 (12 bytes)
1762630989.746419 sending message 112 to peer 0x558408872210 (12 bytes)
1762630989.746424 sending message 112 to peer 0x558408872210 (12 bytes)
1762630989.746428 sending message 112 to peer 0x558408872210 (12 bytes)
1762630989.746433 sending message 112 to peer 0x558408872210 (12 bytes)
1762630989.746438 sending message 112 to peer 0x558408872210 (9 bytes)
1762630989.746442 sending message 112 to peer 0x558408872210 (12 bytes)
1762630989.746447 sending message 112 to peer 0x558408872210 (13 bytes)
1762630989.746452 sending message 112 to peer 0x558408872210 (13 bytes)
1762630989.746456 sending message 112 to peer 0x558408872210 (13 bytes)
1762630989.746461 sending message 112 to peer 0x558408872210 (13 bytes)
1762630989.746465 sending message 112 to peer 0x558408872210 (13 bytes)
1762630989.746474 sending message 112 to peer 0x558408872210 (8 bytes)
1762630989.746479 sending message 112 to peer 0x558408872210 (11 bytes)
1762630989.746483 sending message 112 to peer 0x558408872210 (11 bytes)
1762630989.746488 sending message 112 to peer 0x558408872210 (11 bytes)
1762630989.746492 sending message 112 to peer 0x558408872210 (12 bytes)
1762630989.746497 sending message 112 to peer 0x558408872210 (12 bytes)
1762630989.746501 sending message 112 to peer 0x558408872210 (12 bytes)
1762630989.746506 sending message 112 to peer 0x558408872210 (12 bytes)
1762630989.746511 sending message 112 to peer 0x558408872210 (13 bytes)
1762630989.746515 sending message 112 to peer 0x558408872210 (13 bytes)
1762630989.746519 sending message 112 to peer 0x558408872210 (13 bytes)
1762630989.746524 sending message 112 to peer 0x558408872210 (8 bytes)
1762630989.746528 sending message 112 to peer 0x558408872210 (13 bytes)
1762630989.746533 sending message 112 to peer 0x558408872210 (13 bytes)
1762630989.746537 sending message 112 to peer 0x558408872210 (13 bytes)
1762630989.746542 sending message 112 to peer 0x558408872210 (13 bytes)
1762630989.746546 sending message 112 to peer 0x558408872210 (13 bytes)
1762630989.746550 sending message 112 to peer 0x558408872210 (12 bytes)
1762630989.746555 sending message 112 to peer 0x558408872210 (12 bytes)
1762630989.746559 sending message 112 to peer 0x558408872210 (12 bytes)
1762630989.746568 sending message 112 to peer 0x558408872210 (12 bytes)
1762630989.746572 sending message 112 to peer 0x558408872210 (13 bytes)
1762630989.746577 sending message 112 to peer 0x558408872210 (8 bytes)
1762630989.746581 sending message 112 to peer 0x558408872210 (13 bytes)
1762630989.746585 sending message 112 to peer 0x558408872210 (13 bytes)
1762630989.746590 sending message 112 to peer 0x558408872210 (13 bytes)
1762630989.746594 sending message 112 to peer 0x558408872210 (13 bytes)
1762630989.746599 sending message 112 to peer 0x558408872210 (13 bytes)
1762630989.746603 sending message 112 to peer 0x558408872210 (13 bytes)
1762630989.746607 sending message 112 to peer 0x558408872210 (13 bytes)
1762630989.746611 sending message 112 to peer 0x558408872210 (12 bytes)
1762630989.746616 sending message 112 to peer 0x558408872210 (12 bytes)
1762630989.746625 sending message 112 to peer 0x558408872210 (12 bytes)
1762630989.746629 sending message 112 to peer 0x558408872210 (8 bytes)
1762630989.746634 sending message 112 to peer 0x558408872210 (12 bytes)
1762630989.746638 sending message 112 to peer 0x558408872210 (13 bytes)
1762630989.746643 sending message 112 to peer 0x558408872210 (13 bytes)
1762630989.746647 sending message 112 to peer 0x558408872210 (13 bytes)
1762630989.746651 sending message 112 to peer 0x558408872210 (13 bytes)
1762630989.746656 sending message 112 to peer 0x558408872210 (13 bytes)
1762630989.746660 sending message 112 to peer 0x558408872210 (13 bytes)
1762630989.746664 sending message 112 to peer 0x558408872210 (13 bytes)
1762630989.746668 sending message 112 to peer 0x558408872210 (13 bytes)
1762630989.746673 sending message 112 to peer 0x558408872210 (12 bytes)
1762630989.746677 sending message 112 to peer 0x558408872210 (10 bytes)
1762630989.746681 sending message 112 to peer 0x558408872210 (12 bytes)
1762630989.746686 sending message 112 to peer 0x558408872210 (12 bytes)
1762630989.746690 sending message 112 to peer 0x558408872210 (12 bytes)
1762630989.746695 sending message 112 to peer 0x558408872210 (13 bytes)
1762630989.746699 sending message 112 to peer 0x558408872210 (13 bytes)
1762630989.746703 sending message 112 to peer 0x558408872210 (13 bytes)
1762630989.746708 sending message 112 to peer 0x558408872210 (13 bytes)
1762630989.746712 sending message 112 to peer 0x558408872210 (13 bytes)
1762630989.746716 sending message 112 to peer 0x558408872210 (13 bytes)
1762630989.746721 sending message 112 to peer 0x558408872210 (13 bytes)
1762630989.746725 sending message 112 to peer 0x558408872210 (10 bytes)
1762630989.746729 sending message 112 to peer 0x558408872210 (13 bytes)
1762630989.746734 sending message 112 to peer 0x558408872210 (12 bytes)
1762630989.746738 sending message 112 to peer 0x558408872210 (12 bytes)
1762630989.746742 sending message 112 to peer 0x558408872210 (12 bytes)
1762630989.746747 sending message 112 to peer 0x558408872210 (10 bytes)
1762630989.746752 sending message 112 to peer 0x558408872210 (10 bytes)
1762630989.746756 sending message 112 to peer 0x558408872210 (10 bytes)
1762630989.746761 sending message 112 to peer 0x558408872210 (12 bytes)
1762630989.746766 sending message 112 to peer 0x558408872210 (13 bytes)
1762630989.746770 sending message 112 to peer 0x558408872210 (13 bytes)
1762630989.746775 sending message 112 to peer 0x558408872210 (13 bytes)
1762630989.746779 sending message 112 to peer 0x558408872210 (13 bytes)
1762630989.746783 sending message 112 to peer 0x558408872210 (13 bytes)
1762630989.746787 sending message 112 to peer 0x558408872210 (10 bytes)
1762630989.746792 sending message 112 to peer 0x558408872210 (11 bytes)
1762630989.746796 sending message 112 to peer 0x558408872210 (12 bytes)
1762630989.746800 sending message 112 to peer 0x558408872210 (12 bytes)
1762630989.746805 sending message 112 to peer 0x558408872210 (12 bytes)
1762630989.746809 sending message 112 to peer 0x558408872210 (12 bytes)
1762630989.746814 sending message 112 to peer 0x558408872210 (12 bytes)
1762630989.746818 sending message 112 to peer 0x558408872210 (11 bytes)
1762630989.746823 sending message 112 to peer 0x558408872210 (12 bytes)
1762630989.746827 sending message 112 to peer 0x558408872210 (12 bytes)
1762630989.746832 sending message 112 to peer 0x558408872210 (13 bytes)
1762630989.746836 sending message 112 to peer 0x558408872210 (13 bytes)
1762630989.746840 sending message 112 to peer 0x558408872210 (13 bytes)
1762630989.746844 sending message 112 to peer 0x558408872210 (13 bytes)
1762630989.746849 sending message 112 to peer 0x558408872210 (13 bytes)
1762630989.746853 sending message 112 to peer 0x558408872210 (10 bytes)
1762630989.746857 sending message 112 to peer 0x558408872210 (9 bytes)
1762630989.746861 sending message 112 to peer 0x558408872210 (12 bytes)
1762630989.746866 sending message 112 to peer 0x558408872210 (13 bytes)
1762630989.746870 sending message 112 to peer 0x558408872210 (13 bytes)
1762630989.746878 sending message 112 to peer 0x558408872210 (13 bytes)
1762630989.746882 sending message 112 to peer 0x558408872210 (13 bytes)
1762630989.746887 sending message 112 to peer 0x558408872210 (13 bytes)
1762630989.746892 sending message 112 to peer 0x558408872210 (9 bytes)
1762630989.746897 sending message 112 to peer 0x558408872210 (12 bytes)
1762630989.746910 sending message 112 to peer 0x558408872210 (13 bytes)
1762630989.746916 sending message 112 to peer 0x558408872210 (13 bytes)
1762630989.746920 sending message 112 to peer 0x558408872210 (13 bytes)
1762630989.746925 sending message 112 to peer 0x558408872210 (13 bytes)
1762630989.746930 sending message 112 to peer 0x558408872210 (13 bytes)
1762630989.746934 sending message 112 to peer 0x558408872210 (11 bytes)
1762630989.746938 sending message 112 to peer 0x558408872210 (12 bytes)
1762630989.746943 sending message 112 to peer 0x558408872210 (13 bytes)
1762630989.746950 sending message 112 to peer 0x558408872210 (13 bytes)
1762630989.746954 sending message 112 to peer 0x558408872210 (13 bytes)
1762630989.746958 sending message 112 to peer 0x558408872210 (13 bytes)
1762630989.746963 sending message 112 to peer 0x558408872210 (13 bytes)
1762630989.746967 sending message 112 to peer 0x558408872210 (11 bytes)
1762630989.746972 sending message 112 to peer 0x558408872210 (12 bytes)
1762630989.746976 sending message 112 to peer 0x558408872210 (12 bytes)
1762630989.746981 sending message 112 to peer 0x558408872210 (12 bytes)
1762630989.746986 sending message 112 to peer 0x558408872210 (12 bytes)
1762630989.746990 sending message 112 to peer 0x558408872210 (12 bytes)
1762630989.746994 sending message 112 to peer 0x558408872210 (21 bytes)
1762630989.746999 sending message 112 to peer 0x558408872210 (12 bytes)
1762630989.747003 sending message 112 to peer 0x558408872210 (9 bytes)
1762630989.747008 sending message 112 to peer 0x558408872210 (6 bytes)
1762630989.747013 sending message 112 to peer 0x558408872210 (13 bytes)
1762630989.747018 sending message 112 to peer 0x558408872210 (10 bytes)
1762630989.747022 sending message 112 to peer 0x558408872210 (24 bytes)
1762630989.747027 sending message 112 to peer 0x558408872210 (13 bytes)
1762630989.747032 sending message 112 to peer 0x558408872210 (9 bytes)
1762630989.747036 sending message 112 to peer 0x558408872210 (70 bytes)
1762630989.747041 sending message 112 to peer 0x558408872210 (69 bytes)
1762630989.747046 sending message 112 to peer 0x558408872210 (12 bytes)
1762630989.747051 sending message 112 to peer 0x558408872210 (10 bytes)
1762630989.747056 sending message 112 to peer 0x558408872210 (10 bytes)
1762630989.747061 sending message 112 to peer 0x558408872210 (24 bytes)
1762630989.747066 sending message 112 to peer 0x558408872210 (13 bytes)
1762630989.747071 sending message 112 to peer 0x558408872210 (10 bytes)
1762630989.747076 sending message 112 to peer 0x558408872210 (10 bytes)
1762630989.747080 sending message 112 to peer 0x558408872210 (10 bytes)
1762630989.747085 sending message 112 to peer 0x558408872210 (13 bytes)
1762630989.747089 sending message 112 to peer 0x558408872210 (15 bytes)
1762630989.747093 sending message 112 to peer 0x558408872210 (5 bytes)
1762630989.747098 sending message 104 to peer 0x558408872210 (0 bytes)
1762630989.747103 sending message 110 to peer 0x558408872210 (0 bytes)
1762630989.747109 sending message 107 to peer 0x558408872210 (4 bytes)
1762630989.747113 sending message 105 to peer 0x558408872210 (16 bytes)
1762630989.747132 sending message 105 to peer 0x558408872210 (20 bytes)
1762630989.747136 sending message 105 to peer 0x558408872210 (23 bytes)
1762630989.747141 sending message 105 to peer 0x558408872210 (29 bytes)
1762630989.747145 sending message 105 to peer 0x558408872210 (34 bytes)
1762630989.747149 sending message 105 to peer 0x558408872210 (14 bytes)
1762630989.747154 sending message 105 to peer 0x558408872210 (16 bytes)
1762630989.747158 sending message 105 to peer 0x558408872210 (48 bytes)
1762630989.747162 sending message 105 to peer 0x558408872210 (36 bytes)
1762630989.747173 sending message 105 to peer 0x558408872210 (21 bytes)
1762630989.747178 sending message 105 to peer 0x558408872210 (125 bytes)
1762630989.747182 sending message 105 to peer 0x558408872210 (15 bytes)
1762630989.747187 sending message 105 to peer 0x558408872210 (19 bytes)
1762630989.747191 sending message 105 to peer 0x558408872210 (51 bytes)
1762630989.747195 sending message 105 to peer 0x558408872210 (13 bytes)
1762630989.747200 sending message 105 to peer 0x558408872210 (1525 bytes)
1762630989.747207 sending message 105 to peer 0x558408872210 (32 bytes)
1762630989.747211 sending message 105 to peer 0x558408872210 (139 bytes)
1762630989.747216 sending message 105 to peer 0x558408872210 (51 bytes)
1762630989.747220 sending message 105 to peer 0x558408872210 (31 bytes)
1762630989.747224 sending message 105 to peer 0x558408872210 (35 bytes)
1762630989.747230 sending message 105 to peer 0x558408872210 (23 bytes)
1762630989.747234 sending message 105 to peer 0x558408872210 (24 bytes)
1762630989.747238 sending message 105 to peer 0x558408872210 (20 bytes)
1762630989.747242 sending message 105 to peer 0x558408872210 (35 bytes)
1762630989.747247 sending message 105 to peer 0x558408872210 (33 bytes)
1762630989.747251 sending message 105 to peer 0x558408872210 (70 bytes)
1762630989.747255 sending message 105 to peer 0x558408872210 (27 bytes)
1762630989.747260 sending message 105 to peer 0x558408872210 (8 bytes)
1762630989.747264 sending message 105 to peer 0x558408872210 (18 bytes)
1762630989.747268 sending message 105 to peer 0x558408872210 (37 bytes)
1762630989.747273 sending message 105 to peer 0x558408872210 (64 bytes)
1762630989.747277 sending message 105 to peer 0x558408872210 (14 bytes)
1762630989.747281 sending message 105 to peer 0x558408872210 (34 bytes)
1762630989.747286 sending message 105 to peer 0x558408872210 (40 bytes)
1762630989.747290 sending message 105 to peer 0x558408872210 (25 bytes)
1762630989.747295 sending message 105 to peer 0x558408872210 (156 bytes)
1762630989.747299 sending message 105 to peer 0x558408872210 (127 bytes)
1762630989.747303 sending message 105 to peer 0x558408872210 (295 bytes)
1762630989.747308 sending message 105 to peer 0x558408872210 (25 bytes)
1762630989.747313 sending message 105 to peer 0x558408872210 (60 bytes)
1762630989.747317 sending message 105 to peer 0x558408872210 (49 bytes)
1762630989.747322 sending message 105 to peer 0x558408872210 (20 bytes)
1762630989.747326 sending message 105 to peer 0x558408872210 (94 bytes)
1762630989.747331 sending message 105 to peer 0x558408872210 (145 bytes)
1762630989.747335 sending message 105 to peer 0x558408872210 (43 bytes)
1762630989.747339 sending message 105 to peer 0x558408872210 (16 bytes)
1762630989.747344 sending message 106 to peer 0x558408872210 (0 bytes)
1762630989.747355 sending message 200 to peer 0x558408872210 (4 bytes)
1762630989.747359 client loop enter
1762630989.747398 client_signal: Child exited
1762630989.799142 peer 0x558408872210 message 207
1762630989.799154 sending message 208 to peer 0x558408872210 (0 bytes)
1762630993.448548 peer 0x558408872210 message 203
1762630993.448564 sending message 205 to peer 0x558408872210 (0 bytes)
1762630993.449060 peer 0x558408872210 message 204
1762630993.449067 client loop exit
